<?xml version="1.0" encoding="UTF-8"?>
<testng-results skipped="0" failed="0" ignored="0" total="3" passed="3">
  <reporter-output>
  </reporter-output>
  <suite name="TestNG Regression Suite" duration-ms="15089" started-at="2023-02-25T17:27:01Z" finished-at="2023-02-25T17:27:16Z">
    <groups>
    </groups>
    <test name="Annotations Test" duration-ms="49" started-at="2023-02-25T17:27:01Z" finished-at="2023-02-25T17:27:01Z">
      <class name="testngsessions.Annotations">
        <test-method status="PASS" signature="BS()[pri:0, instance:testngsessions.Annotations@21213b92]" name="BS" is-config="true" duration-ms="6" started-at="2023-02-25T17:27:01Z" finished-at="2023-02-25T17:27:01Z">
          <reporter-output>
          </reporter-output>
        </test-method> <!-- BS -->
        <test-method status="PASS" signature="BT()[pri:0, instance:testngsessions.Annotations@21213b92]" name="BT" is-config="true" duration-ms="1" started-at="2023-02-25T17:27:01Z" finished-at="2023-02-25T17:27:01Z">
          <reporter-output>
          </reporter-output>
        </test-method> <!-- BT -->
        <test-method status="PASS" signature="BC()[pri:0, instance:testngsessions.Annotations@21213b92]" name="BC" is-config="true" duration-ms="1" started-at="2023-02-25T17:27:01Z" finished-at="2023-02-25T17:27:01Z">
          <reporter-output>
          </reporter-output>
        </test-method> <!-- BC -->
        <test-method status="PASS" signature="BM()[pri:0, instance:testngsessions.Annotations@21213b92]" name="BM" is-config="true" duration-ms="1" started-at="2023-02-25T17:27:01Z" finished-at="2023-02-25T17:27:01Z">
          <reporter-output>
          </reporter-output>
        </test-method> <!-- BM -->
        <test-method status="PASS" signature="Test1()[pri:0, instance:testngsessions.Annotations@21213b92]" name="Test1" duration-ms="6" started-at="2023-02-25T17:27:01Z" finished-at="2023-02-25T17:27:01Z">
          <reporter-output>
          </reporter-output>
        </test-method> <!-- Test1 -->
        <test-method status="PASS" signature="AM()[pri:0, instance:testngsessions.Annotations@21213b92]" name="AM" is-config="true" duration-ms="1" started-at="2023-02-25T17:27:01Z" finished-at="2023-02-25T17:27:01Z">
          <reporter-output>
          </reporter-output>
        </test-method> <!-- AM -->
        <test-method status="PASS" signature="BM()[pri:0, instance:testngsessions.Annotations@21213b92]" name="BM" is-config="true" duration-ms="1" started-at="2023-02-25T17:27:01Z" finished-at="2023-02-25T17:27:01Z">
          <reporter-output>
          </reporter-output>
        </test-method> <!-- BM -->
        <test-method status="PASS" signature="Test2()[pri:0, instance:testngsessions.Annotations@21213b92]" name="Test2" duration-ms="1" started-at="2023-02-25T17:27:01Z" finished-at="2023-02-25T17:27:01Z">
          <reporter-output>
          </reporter-output>
        </test-method> <!-- Test2 -->
        <test-method status="PASS" signature="AM()[pri:0, instance:testngsessions.Annotations@21213b92]" name="AM" is-config="true" duration-ms="2" started-at="2023-02-25T17:27:01Z" finished-at="2023-02-25T17:27:01Z">
          <reporter-output>
          </reporter-output>
        </test-method> <!-- AM -->
        <test-method status="PASS" signature="AC()[pri:0, instance:testngsessions.Annotations@21213b92]" name="AC" is-config="true" duration-ms="0" started-at="2023-02-25T17:27:01Z" finished-at="2023-02-25T17:27:01Z">
          <reporter-output>
          </reporter-output>
        </test-method> <!-- AC -->
        <test-method status="PASS" signature="AT()[pri:0, instance:testngsessions.Annotations@21213b92]" name="AT" is-config="true" duration-ms="0" started-at="2023-02-25T17:27:01Z" finished-at="2023-02-25T17:27:01Z">
          <reporter-output>
          </reporter-output>
        </test-method> <!-- AT -->
        <test-method status="PASS" signature="AS()[pri:0, instance:testngsessions.Annotations@21213b92]" name="AS" is-config="true" duration-ms="3" started-at="2023-02-25T17:27:16Z" finished-at="2023-02-25T17:27:16Z">
          <reporter-output>
          </reporter-output>
        </test-method> <!-- AS -->
      </class> <!-- testngsessions.Annotations -->
    </test> <!-- Annotations Test -->
    <test name="Google Test" duration-ms="15089" started-at="2023-02-25T17:27:01Z" finished-at="2023-02-25T17:27:16Z">
      <class name="testngsessions.Google">
        <test-method status="PASS" signature="openBrowser(java.lang.String, java.lang.String)[pri:0, instance:testngsessions.Google@31a5c39e]" name="openBrowser" is-config="true" duration-ms="14938" started-at="2023-02-25T17:27:01Z" finished-at="2023-02-25T17:27:16Z">
          <params>
            <param index="0">
              <value>
                <![CDATA[https://www.google.com]]>
              </value>
            </param>
            <param index="1">
              <value>
                <![CDATA[chrome]]>
              </value>
            </param>
          </params>
          <reporter-output>
          </reporter-output>
        </test-method> <!-- openBrowser -->
        <test-method status="PASS" signature="action()[pri:0, instance:testngsessions.Google@31a5c39e]" name="action" duration-ms="4" started-at="2023-02-25T17:27:16Z" finished-at="2023-02-25T17:27:16Z">
          <reporter-output>
          </reporter-output>
        </test-method> <!-- action -->
        <test-method status="PASS" signature="tearDown()[pri:0, instance:testngsessions.Google@31a5c39e]" name="tearDown" is-config="true" duration-ms="138" started-at="2023-02-25T17:27:16Z" finished-at="2023-02-25T17:27:16Z">
          <reporter-output>
          </reporter-output>
        </test-method> <!-- tearDown -->
      </class> <!-- testngsessions.Google -->
    </test> <!-- Google Test -->
  </suite> <!-- TestNG Regression Suite -->
</testng-results>
